<?xml version="1.0" encoding="utf-8"?>
<CoverageSession xmlns:xsd="http://www.w3.org/2001/XMLSchema" xmlns:xsi="http://www.w3.org/2001/XMLSchema-instance">
  <Summary numSequencePoints="161" visitedSequencePoints="109" numBranchPoints="57" visitedBranchPoints="36" sequenceCoverage="67.70" branchCoverage="63.16" maxCyclomaticComplexity="4" minCyclomaticComplexity="1" />
  <Modules>
    <Module skippedDueTo="Filter" hash="E9-A8-6A-CC-31-FF-25-91-E6-86-F2-D5-72-EE-77-7D-AB-36-F0-0B">
      <FullName>C:\Windows\Microsoft.Net\assembly\GAC_32\mscorlib\v4.0_4.0.0.0__b77a5c561934e089\mscorlib.dll</FullName>
      <ModuleName>mscorlib</ModuleName>
      <Classes />
    </Module>
    <Module skippedDueTo="MissingPdb" hash="37-80-BE-DC-A8-79-2C-78-4A-75-9F-D4-19-B1-3A-5A-48-3E-CA-03">
      <FullName>C:\Program Files (x86)\SharpDevelop\5.1\bin\Tools\NUnit\nunit-console-x86.exe</FullName>
      <ModuleName>nunit-console</ModuleName>
      <Classes />
    </Module>
    <Module skippedDueTo="MissingPdb" hash="33-E1-CA-24-52-5A-B7-C7-C4-AF-91-2C-A9-4A-C0-37-67-0D-5B-FE">
      <FullName>C:\Program Files (x86)\SharpDevelop\5.1\bin\Tools\NUnit\lib\nunit.core.dll</FullName>
      <ModuleName>nunit.core</ModuleName>
      <Classes />
    </Module>
    <Module skippedDueTo="MissingPdb" hash="2A-C4-E5-DE-F3-EE-AD-84-E1-65-84-CC-15-90-76-96-E7-01-44-4E">
      <FullName>C:\Program Files (x86)\SharpDevelop\5.1\bin\Tools\NUnit\lib\nunit-console-runner.dll</FullName>
      <ModuleName>nunit-console-runner</ModuleName>
      <Classes />
    </Module>
    <Module skippedDueTo="MissingPdb" hash="74-74-F6-87-59-E1-5F-4F-5F-5E-6E-82-50-E8-E2-46-D4-86-15-76">
      <FullName>C:\Program Files (x86)\SharpDevelop\5.1\bin\Tools\NUnit\lib\nunit.util.dll</FullName>
      <ModuleName>nunit.util</ModuleName>
      <Classes />
    </Module>
    <Module skippedDueTo="MissingPdb" hash="D3-A4-4D-85-55-F7-CE-EF-A5-90-AA-EF-58-E0-9F-B6-CC-27-99-53">
      <FullName>C:\Program Files (x86)\SharpDevelop\5.1\bin\Tools\NUnit\lib\nunit.core.interfaces.dll</FullName>
      <ModuleName>nunit.core.interfaces</ModuleName>
      <Classes />
    </Module>
    <Module skippedDueTo="Filter" hash="8F-6E-E8-4F-40-6A-75-31-1B-08-C2-22-D5-EA-FE-23-3B-7B-82-15">
      <FullName>C:\Windows\Microsoft.Net\assembly\GAC_MSIL\System.Configuration\v4.0_4.0.0.0__b03f5f7f11d50a3a\System.Configuration.dll</FullName>
      <ModuleName>System.Configuration</ModuleName>
      <Classes />
    </Module>
    <Module skippedDueTo="Filter" hash="38-4A-D4-CE-0C-44-E3-14-2E-0C-38-16-21-36-08-FC-9E-19-4A-F0">
      <FullName>C:\Windows\Microsoft.Net\assembly\GAC_MSIL\System\v4.0_4.0.0.0__b77a5c561934e089\System.dll</FullName>
      <ModuleName>System</ModuleName>
      <Classes />
    </Module>
    <Module skippedDueTo="Filter" hash="36-6D-BE-CC-C6-8D-5C-6B-D8-CE-E3-42-E9-1D-D1-3D-6E-FD-D9-5C">
      <FullName>C:\Windows\Microsoft.Net\assembly\GAC_MSIL\System.Xml\v4.0_4.0.0.0__b77a5c561934e089\System.Xml.dll</FullName>
      <ModuleName>System.Xml</ModuleName>
      <Classes />
    </Module>
    <Module skippedDueTo="Filter" hash="8B-6B-0D-0B-C5-5B-10-A0-CD-78-05-B7-13-A2-4C-DA-E5-47-4E-70">
      <FullName>C:\Windows\Microsoft.Net\assembly\GAC_MSIL\System.Runtime.Remoting\v4.0_4.0.0.0__b77a5c561934e089\System.Runtime.Remoting.dll</FullName>
      <ModuleName>System.Runtime.Remoting</ModuleName>
      <Classes />
    </Module>
    <Module skippedDueTo="Filter" hash="F0-AC-29-46-F9-CE-FF-96-AE-EE-4F-C0-DE-9E-59-D3-7E-1B-ED-08">
      <FullName>C:\Windows\Microsoft.Net\assembly\GAC_MSIL\System.Core\v4.0_4.0.0.0__b77a5c561934e089\System.Core.dll</FullName>
      <ModuleName>System.Core</ModuleName>
      <Classes />
    </Module>
    <Module skippedDueTo="Filter" hash="AA-5F-3C-AF-FB-D7-CC-F4-CE-29-21-8D-25-29-03-0E-03-49-E6-31">
      <FullName>C:\Windows\Microsoft.Net\assembly\GAC_MSIL\mscorlib.resources\v4.0_4.0.0.0_ru_b77a5c561934e089\mscorlib.resources.dll</FullName>
      <ModuleName>mscorlib.resources</ModuleName>
      <Classes />
    </Module>
    <Module hash="1C-25-9F-90-09-F4-14-C9-25-93-63-3A-88-88-5F-EA-C2-E4-37-A2">
      <Summary numSequencePoints="161" visitedSequencePoints="109" numBranchPoints="57" visitedBranchPoints="36" sequenceCoverage="67.70" branchCoverage="63.16" maxCyclomaticComplexity="4" minCyclomaticComplexity="1" />
      <FullName>C:\Users\Terekhov-EV\AppData\Local\Temp\nunit20\ShadowCopyCache\6024_635605635821545307\Tests_28815771\assembly\dl3\13b7a047\ceb1b938_b451d001\book2read.exe</FullName>
      <ModuleName>book2read</ModuleName>
      <Files>
        <File uid="1" fullPath="c:\Users\Terekhov-EV\git\book2read\Program.cs" />
        <File uid="2" fullPath="c:\Users\Terekhov-EV\git\book2read\Tests\InMemoryLogTest.cs" />
        <File uid="3" fullPath="c:\Users\Terekhov-EV\git\book2read\Tests\TestFileSystemService.cs" />
        <File uid="4" fullPath="c:\Users\Terekhov-EV\git\book2read\Utilities\FileSystemService.cs" />
        <File uid="5" fullPath="c:\Users\Terekhov-EV\git\book2read\Utilities\LoggingService.cs" />
      </Files>
      <Classes>
        <Class>
          <Summary numSequencePoints="0" visitedSequencePoints="0" numBranchPoints="0" visitedBranchPoints="0" sequenceCoverage="0" branchCoverage="0" maxCyclomaticComplexity="0" minCyclomaticComplexity="0" />
          <FullName>&lt;Module&gt;</FullName>
          <Methods />
        </Class>
        <Class>
          <Summary numSequencePoints="37" visitedSequencePoints="0" numBranchPoints="13" visitedBranchPoints="0" sequenceCoverage="0" branchCoverage="0" maxCyclomaticComplexity="4" minCyclomaticComplexity="1" />
          <FullName>book2read.Program</FullName>
          <Methods>
            <Method visited="false" cyclomaticComplexity="2" sequenceCoverage="0" branchCoverage="0" isConstructor="false" isStatic="true" isGetter="false" isSetter="false">
              <Summary numSequencePoints="13" visitedSequencePoints="0" numBranchPoints="3" visitedBranchPoints="0" sequenceCoverage="0" branchCoverage="0" maxCyclomaticComplexity="2" minCyclomaticComplexity="2" />
              <MetadataToken>100663297</MetadataToken>
              <Name>System.Void book2read.Program::Main(System.String[])</Name>
              <FileRef uid="1" />
              <SequencePoints>
                <SequencePoint vc="0" uspid="1" ordinal="0" offset="0" sl="19" sc="42" el="19" ec="43" bec="0" bev="0" fileid="1" />
                <SequencePoint vc="0" uspid="2" ordinal="1" offset="1" sl="28" sc="4" el="28" ec="24" bec="2" bev="0" fileid="1" />
                <SequencePoint vc="0" uspid="3" ordinal="2" offset="14" sl="28" sc="25" el="28" ec="26" bec="0" bev="0" fileid="1" />
                <SequencePoint vc="0" uspid="4" ordinal="3" offset="15" sl="31" sc="4" el="31" ec="5" bec="0" bev="0" fileid="1" />
                <SequencePoint vc="0" uspid="5" ordinal="4" offset="18" sl="31" sc="11" el="31" ec="12" bec="0" bev="0" fileid="1" />
                <SequencePoint vc="0" uspid="6" ordinal="5" offset="19" sl="32" sc="5" el="32" ec="60" bec="0" bev="0" fileid="1" />
                <SequencePoint vc="0" uspid="7" ordinal="6" offset="30" sl="33" sc="5" el="33" ec="75" bec="0" bev="0" fileid="1" />
                <SequencePoint vc="0" uspid="8" ordinal="7" offset="41" sl="34" sc="5" el="34" ec="20" bec="0" bev="0" fileid="1" />
                <SequencePoint vc="0" uspid="9" ordinal="8" offset="47" sl="35" sc="5" el="35" ec="12" bec="0" bev="0" fileid="1" />
                <SequencePoint vc="0" uspid="10" ordinal="9" offset="49" sl="37" sc="4" el="37" ec="68" bec="0" bev="0" fileid="1" />
                <SequencePoint vc="0" uspid="11" ordinal="10" offset="76" sl="38" sc="4" el="38" ec="74" bec="0" bev="0" fileid="1" />
                <SequencePoint vc="0" uspid="12" ordinal="11" offset="87" sl="39" sc="4" el="39" ec="19" bec="0" bev="0" fileid="1" />
                <SequencePoint vc="0" uspid="13" ordinal="12" offset="93" sl="40" sc="3" el="40" ec="4" bec="0" bev="0" fileid="1" />
              </SequencePoints>
              <BranchPoints>
                <BranchPoint vc="0" uspid="14" ordinal="0" offset="12" path="0" offsetchain="" offsetend="14" />
                <BranchPoint vc="0" uspid="15" ordinal="1" offset="12" path="1" offsetchain="" offsetend="18" />
              </BranchPoints>
              <MethodPoint xsi:type="SequencePoint" vc="0" uspid="1" ordinal="0" offset="0" sl="19" sc="42" el="19" ec="43" bec="0" bev="0" fileid="1" />
            </Method>
            <Method visited="false" cyclomaticComplexity="2" sequenceCoverage="0" branchCoverage="0" isConstructor="false" isStatic="true" isGetter="false" isSetter="false">
              <Summary numSequencePoints="13" visitedSequencePoints="0" numBranchPoints="3" visitedBranchPoints="0" sequenceCoverage="0" branchCoverage="0" maxCyclomaticComplexity="2" minCyclomaticComplexity="2" />
              <MetadataToken>100663298</MetadataToken>
              <Name>System.Void book2read.Program::SampleCode()</Name>
              <FileRef uid="1" />
              <SequencePoints>
                <SequencePoint vc="0" uspid="16" ordinal="0" offset="0" sl="42" sc="28" el="42" ec="29" bec="0" bev="0" fileid="1" />
                <SequencePoint vc="0" uspid="17" ordinal="1" offset="1" sl="45" sc="4" el="45" ec="50" bec="0" bev="0" fileid="1" />
                <SequencePoint vc="0" uspid="18" ordinal="2" offset="12" sl="53" sc="4" el="53" ec="59" bec="0" bev="0" fileid="1" />
                <SequencePoint vc="0" uspid="19" ordinal="3" offset="34" sl="54" sc="4" el="54" ec="55" bec="0" bev="0" fileid="1" />
                <SequencePoint vc="0" uspid="20" ordinal="4" offset="51" sl="55" sc="4" el="55" ec="80" bec="0" bev="0" fileid="1" />
                <SequencePoint vc="0" uspid="21" ordinal="5" offset="69" sl="58" sc="9" el="58" ec="19" bec="0" bev="0" fileid="1" />
                <SequencePoint vc="0" uspid="22" ordinal="6" offset="73" sl="58" sc="34" el="58" ec="35" bec="0" bev="0" fileid="1" />
                <SequencePoint vc="0" uspid="23" ordinal="7" offset="74" sl="59" sc="5" el="59" ec="50" bec="0" bev="0" fileid="1" />
                <SequencePoint vc="0" uspid="24" ordinal="8" offset="88" sl="60" sc="5" el="60" ec="40" bec="0" bev="0" fileid="1" />
                <SequencePoint vc="0" uspid="25" ordinal="9" offset="96" sl="61" sc="4" el="61" ec="5" bec="0" bev="0" fileid="1" />
                <SequencePoint vc="0" uspid="26" ordinal="10" offset="97" sl="58" sc="29" el="58" ec="32" bec="0" bev="0" fileid="1" />
                <SequencePoint vc="0" uspid="27" ordinal="11" offset="101" sl="58" sc="20" el="58" ec="27" bec="2" bev="0" fileid="1" />
                <SequencePoint vc="0" uspid="28" ordinal="12" offset="110" sl="62" sc="3" el="62" ec="4" bec="0" bev="0" fileid="1" />
              </SequencePoints>
              <BranchPoints>
                <BranchPoint vc="0" uspid="29" ordinal="0" offset="108" path="0" offsetchain="" offsetend="110" />
                <BranchPoint vc="0" uspid="30" ordinal="1" offset="108" path="1" offsetchain="" offsetend="73" />
              </BranchPoints>
              <MethodPoint xsi:type="SequencePoint" vc="0" uspid="16" ordinal="0" offset="0" sl="42" sc="28" el="42" ec="29" bec="0" bev="0" fileid="1" />
            </Method>
            <Method visited="false" cyclomaticComplexity="4" sequenceCoverage="0" branchCoverage="0" isConstructor="false" isStatic="true" isGetter="false" isSetter="false">
              <Summary numSequencePoints="11" visitedSequencePoints="0" numBranchPoints="7" visitedBranchPoints="0" sequenceCoverage="0" branchCoverage="0" maxCyclomaticComplexity="4" minCyclomaticComplexity="4" />
              <MetadataToken>100663299</MetadataToken>
              <Name>System.Void book2read.Program::ShowPercentProgress(System.String,System.Int32,System.Int32)</Name>
              <FileRef uid="1" />
              <SequencePoints>
                <SequencePoint vc="0" uspid="31" ordinal="0" offset="0" sl="65" sc="3" el="65" ec="4" bec="0" bev="0" fileid="1" />
                <SequencePoint vc="0" uspid="32" ordinal="1" offset="1" sl="66" sc="4" el="66" ec="70" bec="4" bev="0" fileid="1" />
                <SequencePoint vc="0" uspid="33" ordinal="2" offset="17" sl="66" sc="71" el="66" ec="72" bec="0" bev="0" fileid="1" />
                <SequencePoint vc="0" uspid="34" ordinal="3" offset="18" sl="67" sc="5" el="67" ec="69" bec="0" bev="0" fileid="1" />
                <SequencePoint vc="0" uspid="35" ordinal="4" offset="29" sl="69" sc="4" el="69" ec="69" bec="0" bev="0" fileid="1" />
                <SequencePoint vc="0" uspid="36" ordinal="5" offset="38" sl="70" sc="4" el="70" ec="58" bec="0" bev="0" fileid="1" />
                <SequencePoint vc="0" uspid="37" ordinal="6" offset="56" sl="71" sc="4" el="71" ec="50" bec="2" bev="0" fileid="1" />
                <SequencePoint vc="0" uspid="38" ordinal="7" offset="69" sl="71" sc="51" el="71" ec="52" bec="0" bev="0" fileid="1" />
                <SequencePoint vc="0" uspid="39" ordinal="8" offset="70" sl="72" sc="5" el="72" ec="44" bec="0" bev="0" fileid="1" />
                <SequencePoint vc="0" uspid="40" ordinal="9" offset="81" sl="73" sc="4" el="73" ec="5" bec="0" bev="0" fileid="1" />
                <SequencePoint vc="0" uspid="41" ordinal="10" offset="82" sl="74" sc="3" el="74" ec="4" bec="0" bev="0" fileid="1" />
              </SequencePoints>
              <BranchPoints>
                <BranchPoint vc="0" uspid="42" ordinal="0" offset="3" path="0" offsetchain="" offsetend="5" />
                <BranchPoint vc="0" uspid="43" ordinal="1" offset="3" path="1" offsetchain="" offsetend="11" />
                <BranchPoint vc="0" uspid="44" ordinal="2" offset="15" path="0" offsetchain="" offsetend="17" />
                <BranchPoint vc="0" uspid="45" ordinal="3" offset="15" path="1" offsetchain="" offsetend="29" />
                <BranchPoint vc="0" uspid="46" ordinal="4" offset="67" path="0" offsetchain="" offsetend="69" />
                <BranchPoint vc="0" uspid="47" ordinal="5" offset="67" path="1" offsetchain="" offsetend="82" />
              </BranchPoints>
              <MethodPoint xsi:type="SequencePoint" vc="0" uspid="31" ordinal="0" offset="0" sl="65" sc="3" el="65" ec="4" bec="0" bev="0" fileid="1" />
            </Method>
            <Method visited="false" cyclomaticComplexity="1" sequenceCoverage="0" branchCoverage="0" isConstructor="true" isStatic="false" isGetter="false" isSetter="false">
              <Summary numSequencePoints="0" visitedSequencePoints="0" numBranchPoints="0" visitedBranchPoints="0" sequenceCoverage="0" branchCoverage="0" maxCyclomaticComplexity="1" minCyclomaticComplexity="1" />
              <MetadataToken>100663300</MetadataToken>
              <Name>System.Void book2read.Program::.ctor()</Name>
              <SequencePoints />
              <BranchPoints />
              <MethodPoint vc="0" uspid="48" ordinal="0" offset="0" />
            </Method>
          </Methods>
        </Class>
        <Class>
          <Summary numSequencePoints="18" visitedSequencePoints="18" numBranchPoints="4" visitedBranchPoints="4" sequenceCoverage="100" branchCoverage="100" maxCyclomaticComplexity="1" minCyclomaticComplexity="1" />
          <FullName>book2read.Tests.LoggingServiceTest</FullName>
          <Methods>
            <Method visited="true" cyclomaticComplexity="1" sequenceCoverage="100" branchCoverage="100" isConstructor="false" isStatic="false" isGetter="false" isSetter="false">
              <Summary numSequencePoints="4" visitedSequencePoints="4" numBranchPoints="1" visitedBranchPoints="1" sequenceCoverage="100" branchCoverage="100" maxCyclomaticComplexity="1" minCyclomaticComplexity="1" />
              <MetadataToken>100663301</MetadataToken>
              <Name>System.Void book2read.Tests.LoggingServiceTest::TestEmptyLog()</Name>
              <FileRef uid="2" />
              <SequencePoints>
                <SequencePoint vc="1" uspid="49" ordinal="0" offset="0" sl="21" sc="30" el="21" ec="31" bec="0" bev="0" fileid="2" />
                <SequencePoint vc="1" uspid="50" ordinal="1" offset="1" sl="22" sc="4" el="22" ec="26" bec="0" bev="0" fileid="2" />
                <SequencePoint vc="1" uspid="51" ordinal="2" offset="7" sl="23" sc="4" el="23" ec="70" bec="0" bev="0" fileid="2" />
                <SequencePoint vc="1" uspid="52" ordinal="3" offset="35" sl="24" sc="3" el="24" ec="4" bec="0" bev="0" fileid="2" />
              </SequencePoints>
              <BranchPoints />
              <MethodPoint xsi:type="SequencePoint" vc="1" uspid="49" ordinal="0" offset="0" sl="21" sc="30" el="21" ec="31" bec="0" bev="0" fileid="2" />
            </Method>
            <Method visited="true" cyclomaticComplexity="1" sequenceCoverage="100" branchCoverage="100" isConstructor="false" isStatic="false" isGetter="false" isSetter="false">
              <Summary numSequencePoints="8" visitedSequencePoints="8" numBranchPoints="1" visitedBranchPoints="1" sequenceCoverage="100" branchCoverage="100" maxCyclomaticComplexity="1" minCyclomaticComplexity="1" />
              <MetadataToken>100663302</MetadataToken>
              <Name>System.Void book2read.Tests.LoggingServiceTest::TestSimpleLogOperation()</Name>
              <FileRef uid="2" />
              <SequencePoints>
                <SequencePoint vc="1" uspid="53" ordinal="0" offset="0" sl="27" sc="40" el="27" ec="41" bec="0" bev="0" fileid="2" />
                <SequencePoint vc="1" uspid="54" ordinal="1" offset="1" sl="28" sc="4" el="28" ec="67" bec="0" bev="0" fileid="2" />
                <SequencePoint vc="1" uspid="55" ordinal="2" offset="7" sl="29" sc="4" el="29" ec="73" bec="0" bev="0" fileid="2" />
                <SequencePoint vc="1" uspid="56" ordinal="3" offset="25" sl="30" sc="4" el="30" ec="74" bec="0" bev="0" fileid="2" />
                <SequencePoint vc="1" uspid="57" ordinal="4" offset="43" sl="31" sc="4" el="31" ec="69" bec="0" bev="0" fileid="2" />
                <SequencePoint vc="1" uspid="58" ordinal="5" offset="71" sl="32" sc="4" el="32" ec="125" bec="0" bev="0" fileid="2" />
                <SequencePoint vc="1" uspid="59" ordinal="6" offset="104" sl="33" sc="4" el="33" ec="127" bec="0" bev="0" fileid="2" />
                <SequencePoint vc="1" uspid="60" ordinal="7" offset="137" sl="34" sc="3" el="34" ec="4" bec="0" bev="0" fileid="2" />
              </SequencePoints>
              <BranchPoints />
              <MethodPoint xsi:type="SequencePoint" vc="1" uspid="53" ordinal="0" offset="0" sl="27" sc="40" el="27" ec="41" bec="0" bev="0" fileid="2" />
            </Method>
            <Method visited="true" cyclomaticComplexity="1" sequenceCoverage="100" branchCoverage="100" isConstructor="false" isStatic="false" isGetter="false" isSetter="false">
              <Summary numSequencePoints="3" visitedSequencePoints="3" numBranchPoints="1" visitedBranchPoints="1" sequenceCoverage="100" branchCoverage="100" maxCyclomaticComplexity="1" minCyclomaticComplexity="1" />
              <MetadataToken>100663303</MetadataToken>
              <Name>System.Void book2read.Tests.LoggingServiceTest::Init()</Name>
              <FileRef uid="2" />
              <SequencePoints>
                <SequencePoint vc="1" uspid="61" ordinal="0" offset="0" sl="37" sc="22" el="37" ec="23" bec="0" bev="0" fileid="2" />
                <SequencePoint vc="1" uspid="62" ordinal="1" offset="1" sl="38" sc="4" el="38" ec="35" bec="0" bev="0" fileid="2" />
                <SequencePoint vc="1" uspid="63" ordinal="2" offset="12" sl="39" sc="3" el="39" ec="4" bec="0" bev="0" fileid="2" />
              </SequencePoints>
              <BranchPoints />
              <MethodPoint xsi:type="SequencePoint" vc="1" uspid="61" ordinal="0" offset="0" sl="37" sc="22" el="37" ec="23" bec="0" bev="0" fileid="2" />
            </Method>
            <Method visited="true" cyclomaticComplexity="1" sequenceCoverage="100" branchCoverage="100" isConstructor="false" isStatic="false" isGetter="false" isSetter="false">
              <Summary numSequencePoints="3" visitedSequencePoints="3" numBranchPoints="1" visitedBranchPoints="1" sequenceCoverage="100" branchCoverage="100" maxCyclomaticComplexity="1" minCyclomaticComplexity="1" />
              <MetadataToken>100663304</MetadataToken>
              <Name>System.Void book2read.Tests.LoggingServiceTest::Dispose()</Name>
              <FileRef uid="2" />
              <SequencePoints>
                <SequencePoint vc="1" uspid="64" ordinal="0" offset="0" sl="42" sc="25" el="42" ec="26" bec="0" bev="0" fileid="2" />
                <SequencePoint vc="1" uspid="65" ordinal="1" offset="1" sl="43" sc="4" el="43" ec="16" bec="0" bev="0" fileid="2" />
                <SequencePoint vc="1" uspid="66" ordinal="2" offset="8" sl="44" sc="3" el="44" ec="4" bec="0" bev="0" fileid="2" />
              </SequencePoints>
              <BranchPoints />
              <MethodPoint xsi:type="SequencePoint" vc="1" uspid="64" ordinal="0" offset="0" sl="42" sc="25" el="42" ec="26" bec="0" bev="0" fileid="2" />
            </Method>
            <Method visited="true" cyclomaticComplexity="1" sequenceCoverage="0" branchCoverage="0" isConstructor="true" isStatic="false" isGetter="false" isSetter="false">
              <Summary numSequencePoints="0" visitedSequencePoints="0" numBranchPoints="0" visitedBranchPoints="0" sequenceCoverage="0" branchCoverage="0" maxCyclomaticComplexity="1" minCyclomaticComplexity="1" />
              <MetadataToken>100663305</MetadataToken>
              <Name>System.Void book2read.Tests.LoggingServiceTest::.ctor()</Name>
              <SequencePoints />
              <BranchPoints />
              <MethodPoint vc="1" uspid="67" ordinal="0" offset="0" />
            </Method>
          </Methods>
        </Class>
        <Class>
          <Summary numSequencePoints="16" visitedSequencePoints="16" numBranchPoints="3" visitedBranchPoints="3" sequenceCoverage="100" branchCoverage="100" maxCyclomaticComplexity="1" minCyclomaticComplexity="1" />
          <FullName>book2read.Tests.TestFileSystemService</FullName>
          <Methods>
            <Method visited="true" cyclomaticComplexity="1" sequenceCoverage="100" branchCoverage="100" isConstructor="false" isStatic="false" isGetter="false" isSetter="false">
              <Summary numSequencePoints="9" visitedSequencePoints="9" numBranchPoints="1" visitedBranchPoints="1" sequenceCoverage="100" branchCoverage="100" maxCyclomaticComplexity="1" minCyclomaticComplexity="1" />
              <MetadataToken>100663306</MetadataToken>
              <Name>System.Void book2read.Tests.TestFileSystemService::TestInitialize()</Name>
              <FileRef uid="3" />
              <SequencePoints>
                <SequencePoint vc="1" uspid="68" ordinal="0" offset="0" sl="20" sc="32" el="20" ec="33" bec="0" bev="0" fileid="3" />
                <SequencePoint vc="1" uspid="69" ordinal="1" offset="1" sl="26" sc="4" el="26" ec="68" bec="0" bev="0" fileid="3" />
                <SequencePoint vc="1" uspid="70" ordinal="2" offset="17" sl="28" sc="4" el="28" ec="34" bec="0" bev="0" fileid="3" />
                <SequencePoint vc="1" uspid="71" ordinal="3" offset="23" sl="29" sc="4" el="29" ec="37" bec="0" bev="0" fileid="3" />
                <SequencePoint vc="1" uspid="72" ordinal="4" offset="29" sl="30" sc="4" el="30" ec="37" bec="0" bev="0" fileid="3" />
                <SequencePoint vc="1" uspid="73" ordinal="5" offset="35" sl="38" sc="4" el="38" ec="76" bec="0" bev="0" fileid="3" />
                <SequencePoint vc="1" uspid="74" ordinal="6" offset="58" sl="39" sc="4" el="39" ec="74" bec="0" bev="0" fileid="3" />
                <SequencePoint vc="1" uspid="75" ordinal="7" offset="81" sl="40" sc="4" el="40" ec="81" bec="0" bev="0" fileid="3" />
                <SequencePoint vc="1" uspid="76" ordinal="8" offset="104" sl="41" sc="3" el="41" ec="4" bec="0" bev="0" fileid="3" />
              </SequencePoints>
              <BranchPoints />
              <MethodPoint xsi:type="SequencePoint" vc="1" uspid="68" ordinal="0" offset="0" sl="20" sc="32" el="20" ec="33" bec="0" bev="0" fileid="3" />
            </Method>
            <Method visited="true" cyclomaticComplexity="1" sequenceCoverage="100" branchCoverage="100" isConstructor="false" isStatic="false" isGetter="false" isSetter="false">
              <Summary numSequencePoints="3" visitedSequencePoints="3" numBranchPoints="1" visitedBranchPoints="1" sequenceCoverage="100" branchCoverage="100" maxCyclomaticComplexity="1" minCyclomaticComplexity="1" />
              <MetadataToken>100663307</MetadataToken>
              <Name>System.Void book2read.Tests.TestFileSystemService::Init()</Name>
              <FileRef uid="3" />
              <SequencePoints>
                <SequencePoint vc="1" uspid="77" ordinal="0" offset="0" sl="44" sc="22" el="44" ec="23" bec="0" bev="0" fileid="3" />
                <SequencePoint vc="1" uspid="78" ordinal="1" offset="1" sl="45" sc="4" el="45" ec="38" bec="0" bev="0" fileid="3" />
                <SequencePoint vc="1" uspid="79" ordinal="2" offset="12" sl="46" sc="3" el="46" ec="4" bec="0" bev="0" fileid="3" />
              </SequencePoints>
              <BranchPoints />
              <MethodPoint xsi:type="SequencePoint" vc="1" uspid="77" ordinal="0" offset="0" sl="44" sc="22" el="44" ec="23" bec="0" bev="0" fileid="3" />
            </Method>
            <Method visited="true" cyclomaticComplexity="1" sequenceCoverage="100" branchCoverage="100" isConstructor="false" isStatic="false" isGetter="false" isSetter="false">
              <Summary numSequencePoints="4" visitedSequencePoints="4" numBranchPoints="1" visitedBranchPoints="1" sequenceCoverage="100" branchCoverage="100" maxCyclomaticComplexity="1" minCyclomaticComplexity="1" />
              <MetadataToken>100663308</MetadataToken>
              <Name>System.Void book2read.Tests.TestFileSystemService::Dispose()</Name>
              <FileRef uid="3" />
              <SequencePoints>
                <SequencePoint vc="1" uspid="80" ordinal="0" offset="0" sl="49" sc="25" el="49" ec="26" bec="0" bev="0" fileid="3" />
                <SequencePoint vc="1" uspid="81" ordinal="1" offset="1" sl="50" sc="4" el="50" ec="78" bec="0" bev="0" fileid="3" />
                <SequencePoint vc="1" uspid="82" ordinal="2" offset="27" sl="51" sc="4" el="51" ec="16" bec="0" bev="0" fileid="3" />
                <SequencePoint vc="1" uspid="83" ordinal="3" offset="34" sl="52" sc="3" el="52" ec="4" bec="0" bev="0" fileid="3" />
              </SequencePoints>
              <BranchPoints />
              <MethodPoint xsi:type="SequencePoint" vc="1" uspid="80" ordinal="0" offset="0" sl="49" sc="25" el="49" ec="26" bec="0" bev="0" fileid="3" />
            </Method>
            <Method visited="true" cyclomaticComplexity="1" sequenceCoverage="0" branchCoverage="0" isConstructor="true" isStatic="false" isGetter="false" isSetter="false">
              <Summary numSequencePoints="0" visitedSequencePoints="0" numBranchPoints="0" visitedBranchPoints="0" sequenceCoverage="0" branchCoverage="0" maxCyclomaticComplexity="1" minCyclomaticComplexity="1" />
              <MetadataToken>100663309</MetadataToken>
              <Name>System.Void book2read.Tests.TestFileSystemService::.ctor()</Name>
              <SequencePoints />
              <BranchPoints />
              <MethodPoint vc="1" uspid="84" ordinal="0" offset="0" />
            </Method>
          </Methods>
        </Class>
        <Class>
          <Summary numSequencePoints="56" visitedSequencePoints="44" numBranchPoints="23" visitedBranchPoints="17" sequenceCoverage="78.57" branchCoverage="73.91" maxCyclomaticComplexity="3" minCyclomaticComplexity="1" />
          <FullName>book2read.Utilities.FileSystemService</FullName>
          <Methods>
            <Method visited="true" cyclomaticComplexity="1" sequenceCoverage="100" branchCoverage="100" isConstructor="false" isStatic="true" isGetter="true" isSetter="false">
              <Summary numSequencePoints="3" visitedSequencePoints="3" numBranchPoints="1" visitedBranchPoints="1" sequenceCoverage="100" branchCoverage="100" maxCyclomaticComplexity="1" minCyclomaticComplexity="1" />
              <MetadataToken>100663310</MetadataToken>
              <Name>book2read.Utilities.FileSystemService book2read.Utilities.FileSystemService::get_Instance()</Name>
              <FileRef uid="4" />
              <SequencePoints>
                <SequencePoint vc="1" uspid="85" ordinal="0" offset="0" sl="25" sc="50" el="25" ec="51" bec="0" bev="0" fileid="4" />
                <SequencePoint vc="1" uspid="86" ordinal="1" offset="1" sl="25" sc="52" el="25" ec="70" bec="0" bev="0" fileid="4" />
                <SequencePoint vc="1" uspid="87" ordinal="2" offset="14" sl="25" sc="71" el="25" ec="72" bec="0" bev="0" fileid="4" />
              </SequencePoints>
              <BranchPoints />
              <MethodPoint xsi:type="SequencePoint" vc="1" uspid="85" ordinal="0" offset="0" sl="25" sc="50" el="25" ec="51" bec="0" bev="0" fileid="4" />
            </Method>
            <Method visited="true" cyclomaticComplexity="1" sequenceCoverage="100" branchCoverage="100" isConstructor="true" isStatic="false" isGetter="false" isSetter="false">
              <Summary numSequencePoints="4" visitedSequencePoints="4" numBranchPoints="1" visitedBranchPoints="1" sequenceCoverage="100" branchCoverage="100" maxCyclomaticComplexity="1" minCyclomaticComplexity="1" />
              <MetadataToken>100663311</MetadataToken>
              <Name>System.Void book2read.Utilities.FileSystemService::.ctor()</Name>
              <FileRef uid="4" />
              <SequencePoints>
                <SequencePoint vc="1" uspid="88" ordinal="0" offset="0" sl="27" sc="3" el="27" ec="30" bec="0" bev="0" fileid="4" />
                <SequencePoint vc="1" uspid="89" ordinal="1" offset="7" sl="27" sc="31" el="27" ec="32" bec="0" bev="0" fileid="4" />
                <SequencePoint vc="1" uspid="90" ordinal="2" offset="8" sl="28" sc="4" el="28" ec="17" bec="0" bev="0" fileid="4" />
                <SequencePoint vc="1" uspid="91" ordinal="3" offset="15" sl="29" sc="3" el="29" ec="4" bec="0" bev="0" fileid="4" />
              </SequencePoints>
              <BranchPoints />
              <MethodPoint xsi:type="SequencePoint" vc="1" uspid="88" ordinal="0" offset="0" sl="27" sc="3" el="27" ec="30" bec="0" bev="0" fileid="4" />
            </Method>
            <Method visited="true" cyclomaticComplexity="3" sequenceCoverage="72.73" branchCoverage="60" isConstructor="false" isStatic="false" isGetter="false" isSetter="false">
              <Summary numSequencePoints="11" visitedSequencePoints="8" numBranchPoints="5" visitedBranchPoints="3" sequenceCoverage="72.73" branchCoverage="60" maxCyclomaticComplexity="3" minCyclomaticComplexity="3" />
              <MetadataToken>100663312</MetadataToken>
              <Name>System.Void book2read.Utilities.FileSystemService::initialize()</Name>
              <FileRef uid="4" />
              <SequencePoints>
                <SequencePoint vc="1" uspid="92" ordinal="0" offset="0" sl="36" sc="28" el="36" ec="29" bec="0" bev="0" fileid="4" />
                <SequencePoint vc="1" uspid="93" ordinal="1" offset="1" sl="37" sc="4" el="37" ec="16" bec="0" bev="0" fileid="4" />
                <SequencePoint vc="1" uspid="94" ordinal="2" offset="8" sl="38" sc="4" el="38" ec="17" bec="0" bev="0" fileid="4" />
                <SequencePoint vc="1" uspid="95" ordinal="3" offset="15" sl="41" sc="4" el="41" ec="53" bec="4" bev="2" fileid="4" />
                <SequencePoint vc="0" uspid="96" ordinal="4" offset="42" sl="41" sc="54" el="41" ec="55" bec="0" bev="0" fileid="4" />
                <SequencePoint vc="0" uspid="97" ordinal="5" offset="43" sl="42" sc="5" el="42" ec="141" bec="0" bev="0" fileid="4" />
                <SequencePoint vc="0" uspid="98" ordinal="6" offset="60" sl="43" sc="4" el="43" ec="5" bec="0" bev="0" fileid="4" />
                <SequencePoint vc="1" uspid="99" ordinal="7" offset="61" sl="45" sc="4" el="45" ec="123" bec="0" bev="0" fileid="4" />
                <SequencePoint vc="1" uspid="100" ordinal="8" offset="94" sl="46" sc="4" el="46" ec="121" bec="0" bev="0" fileid="4" />
                <SequencePoint vc="1" uspid="101" ordinal="9" offset="127" sl="47" sc="4" el="47" ec="128" bec="0" bev="0" fileid="4" />
                <SequencePoint vc="1" uspid="102" ordinal="10" offset="160" sl="49" sc="3" el="49" ec="4" bec="0" bev="0" fileid="4" />
              </SequencePoints>
              <BranchPoints>
                <BranchPoint vc="1" uspid="103" ordinal="0" offset="21" path="0" offsetchain="" offsetend="23" />
                <BranchPoint vc="0" uspid="104" ordinal="1" offset="21" path="1" offsetchain="" offsetend="36" />
                <BranchPoint vc="0" uspid="105" ordinal="2" offset="40" path="0" offsetchain="" offsetend="42" />
                <BranchPoint vc="1" uspid="106" ordinal="3" offset="40" path="1" offsetchain="" offsetend="61" />
              </BranchPoints>
              <MethodPoint xsi:type="SequencePoint" vc="1" uspid="92" ordinal="0" offset="0" sl="36" sc="28" el="36" ec="29" bec="0" bev="0" fileid="4" />
            </Method>
            <Method visited="true" cyclomaticComplexity="2" sequenceCoverage="60" branchCoverage="66.67" isConstructor="false" isStatic="false" isGetter="false" isSetter="false">
              <Summary numSequencePoints="10" visitedSequencePoints="6" numBranchPoints="3" visitedBranchPoints="2" sequenceCoverage="60" branchCoverage="66.67" maxCyclomaticComplexity="2" minCyclomaticComplexity="2" />
              <MetadataToken>100663313</MetadataToken>
              <Name>System.IO.DirectoryInfo book2read.Utilities.FileSystemService::getDropboxFolder()</Name>
              <FileRef uid="4" />
              <SequencePoints>
                <SequencePoint vc="1" uspid="107" ordinal="0" offset="0" sl="51" sc="36" el="51" ec="37" bec="0" bev="0" fileid="4" />
                <SequencePoint vc="1" uspid="108" ordinal="1" offset="1" sl="52" sc="4" el="53" ec="66" bec="0" bev="0" fileid="4" />
                <SequencePoint vc="1" uspid="109" ordinal="2" offset="9" sl="54" sc="4" el="54" ec="63" bec="0" bev="0" fileid="4" />
                <SequencePoint vc="1" uspid="110" ordinal="3" offset="21" sl="56" sc="4" el="56" ec="29" bec="2" bev="1" fileid="4" />
                <SequencePoint vc="1" uspid="111" ordinal="4" offset="33" sl="57" sc="5" el="57" ec="17" bec="0" bev="0" fileid="4" />
                <SequencePoint vc="0" uspid="112" ordinal="5" offset="38" sl="59" sc="4" el="59" ec="42" bec="0" bev="0" fileid="4" />
                <SequencePoint vc="0" uspid="113" ordinal="6" offset="45" sl="60" sc="4" el="60" ec="58" bec="0" bev="0" fileid="4" />
                <SequencePoint vc="0" uspid="114" ordinal="7" offset="54" sl="61" sc="4" el="61" ec="59" bec="0" bev="0" fileid="4" />
                <SequencePoint vc="0" uspid="115" ordinal="8" offset="67" sl="63" sc="4" el="63" ec="41" bec="0" bev="0" fileid="4" />
                <SequencePoint vc="1" uspid="116" ordinal="9" offset="78" sl="64" sc="3" el="64" ec="4" bec="0" bev="0" fileid="4" />
              </SequencePoints>
              <BranchPoints>
                <BranchPoint vc="1" uspid="117" ordinal="0" offset="31" path="0" offsetchain="" offsetend="33" />
                <BranchPoint vc="0" uspid="118" ordinal="1" offset="31" path="1" offsetchain="" offsetend="38" />
              </BranchPoints>
              <MethodPoint xsi:type="SequencePoint" vc="1" uspid="107" ordinal="0" offset="0" sl="51" sc="36" el="51" ec="37" bec="0" bev="0" fileid="4" />
            </Method>
            <Method visited="true" cyclomaticComplexity="3" sequenceCoverage="91.67" branchCoverage="80" isConstructor="false" isStatic="false" isGetter="false" isSetter="false">
              <Summary numSequencePoints="12" visitedSequencePoints="11" numBranchPoints="5" visitedBranchPoints="4" sequenceCoverage="91.67" branchCoverage="80" maxCyclomaticComplexity="3" minCyclomaticComplexity="3" />
              <MetadataToken>100663314</MetadataToken>
              <Name>System.IO.DirectoryInfo book2read.Utilities.FileSystemService::getLibraryPath()</Name>
              <FileRef uid="4" />
              <SequencePoints>
                <SequencePoint vc="1" uspid="119" ordinal="0" offset="0" sl="66" sc="34" el="66" ec="35" bec="0" bev="0" fileid="4" />
                <SequencePoint vc="1" uspid="120" ordinal="1" offset="1" sl="67" sc="4" el="67" ec="11" bec="0" bev="0" fileid="4" />
                <SequencePoint vc="1" uspid="121" ordinal="2" offset="2" sl="67" sc="26" el="67" ec="47" bec="0" bev="0" fileid="4" />
                <SequencePoint vc="2" uspid="122" ordinal="3" offset="12" sl="67" sc="13" el="67" ec="22" bec="0" bev="0" fileid="4" />
                <SequencePoint vc="2" uspid="123" ordinal="4" offset="16" sl="67" sc="49" el="67" ec="50" bec="0" bev="0" fileid="4" />
                <SequencePoint vc="2" uspid="124" ordinal="5" offset="17" sl="68" sc="5" el="68" ec="49" bec="2" bev="2" fileid="4" />
                <SequencePoint vc="1" uspid="125" ordinal="6" offset="42" sl="68" sc="50" el="68" ec="51" bec="0" bev="0" fileid="4" />
                <SequencePoint vc="1" uspid="126" ordinal="7" offset="43" sl="69" sc="6" el="69" ec="57" bec="0" bev="0" fileid="4" />
                <SequencePoint vc="1" uspid="127" ordinal="8" offset="67" sl="71" sc="4" el="71" ec="5" bec="0" bev="0" fileid="4" />
                <SequencePoint vc="2" uspid="128" ordinal="9" offset="72" sl="67" sc="23" el="67" ec="25" bec="2" bev="1" fileid="4" />
                <SequencePoint vc="0" uspid="129" ordinal="10" offset="84" sl="72" sc="4" el="72" ec="16" bec="0" bev="0" fileid="4" />
                <SequencePoint vc="1" uspid="130" ordinal="11" offset="89" sl="73" sc="3" el="73" ec="4" bec="0" bev="0" fileid="4" />
              </SequencePoints>
              <BranchPoints>
                <BranchPoint vc="1" uspid="131" ordinal="0" offset="40" path="0" offsetchain="" offsetend="42" />
                <BranchPoint vc="1" uspid="132" ordinal="1" offset="40" path="1" offsetchain="" offsetend="67" />
                <BranchPoint vc="0" uspid="133" ordinal="2" offset="82" path="0" offsetchain="" offsetend="84" />
                <BranchPoint vc="2" uspid="134" ordinal="3" offset="82" path="1" offsetchain="" offsetend="12" />
              </BranchPoints>
              <MethodPoint xsi:type="SequencePoint" vc="1" uspid="119" ordinal="0" offset="0" sl="66" sc="34" el="66" ec="35" bec="0" bev="0" fileid="4" />
            </Method>
            <Method visited="true" cyclomaticComplexity="2" sequenceCoverage="66.67" branchCoverage="66.67" isConstructor="false" isStatic="false" isGetter="false" isSetter="false">
              <Summary numSequencePoints="12" visitedSequencePoints="8" numBranchPoints="3" visitedBranchPoints="2" sequenceCoverage="66.67" branchCoverage="66.67" maxCyclomaticComplexity="2" minCyclomaticComplexity="2" />
              <MetadataToken>100663315</MetadataToken>
              <Name>System.Void book2read.Utilities.FileSystemService::findPaths()</Name>
              <FileRef uid="4" />
              <SequencePoints>
                <SequencePoint vc="1" uspid="135" ordinal="0" offset="0" sl="75" sc="20" el="75" ec="21" bec="0" bev="0" fileid="4" />
                <SequencePoint vc="1" uspid="136" ordinal="1" offset="1" sl="76" sc="4" el="76" ec="36" bec="0" bev="0" fileid="4" />
                <SequencePoint vc="1" uspid="137" ordinal="2" offset="13" sl="78" sc="4" el="78" ec="35" bec="2" bev="1" fileid="4" />
                <SequencePoint vc="1" uspid="138" ordinal="3" offset="29" sl="78" sc="36" el="78" ec="37" bec="0" bev="0" fileid="4" />
                <SequencePoint vc="1" uspid="139" ordinal="4" offset="30" sl="79" sc="5" el="79" ec="57" bec="0" bev="0" fileid="4" />
                <SequencePoint vc="1" uspid="140" ordinal="5" offset="46" sl="80" sc="5" el="80" ec="57" bec="0" bev="0" fileid="4" />
                <SequencePoint vc="1" uspid="141" ordinal="6" offset="62" sl="81" sc="4" el="81" ec="5" bec="0" bev="0" fileid="4" />
                <SequencePoint vc="0" uspid="142" ordinal="7" offset="65" sl="81" sc="11" el="81" ec="12" bec="0" bev="0" fileid="4" />
                <SequencePoint vc="0" uspid="143" ordinal="8" offset="66" sl="82" sc="5" el="82" ec="79" bec="0" bev="0" fileid="4" />
                <SequencePoint vc="0" uspid="144" ordinal="9" offset="98" sl="83" sc="5" el="83" ec="79" bec="0" bev="0" fileid="4" />
                <SequencePoint vc="0" uspid="145" ordinal="10" offset="130" sl="84" sc="4" el="84" ec="5" bec="0" bev="0" fileid="4" />
                <SequencePoint vc="1" uspid="146" ordinal="11" offset="131" sl="85" sc="3" el="85" ec="4" bec="0" bev="0" fileid="4" />
              </SequencePoints>
              <BranchPoints>
                <BranchPoint vc="1" uspid="147" ordinal="0" offset="27" path="0" offsetchain="" offsetend="29" />
                <BranchPoint vc="0" uspid="148" ordinal="1" offset="27" path="1" offsetchain="" offsetend="65" />
              </BranchPoints>
              <MethodPoint xsi:type="SequencePoint" vc="1" uspid="135" ordinal="0" offset="0" sl="75" sc="20" el="75" ec="21" bec="0" bev="0" fileid="4" />
            </Method>
            <Method visited="true" cyclomaticComplexity="1" sequenceCoverage="100" branchCoverage="100" isConstructor="false" isStatic="false" isGetter="false" isSetter="false">
              <Summary numSequencePoints="2" visitedSequencePoints="2" numBranchPoints="1" visitedBranchPoints="1" sequenceCoverage="100" branchCoverage="100" maxCyclomaticComplexity="1" minCyclomaticComplexity="1" />
              <MetadataToken>100663316</MetadataToken>
              <Name>System.Void book2read.Utilities.FileSystemService::checkFiles()</Name>
              <FileRef uid="4" />
              <SequencePoints>
                <SequencePoint vc="1" uspid="149" ordinal="0" offset="0" sl="87" sc="21" el="87" ec="22" bec="0" bev="0" fileid="4" />
                <SequencePoint vc="1" uspid="150" ordinal="1" offset="1" sl="89" sc="3" el="89" ec="4" bec="0" bev="0" fileid="4" />
              </SequencePoints>
              <BranchPoints />
              <MethodPoint xsi:type="SequencePoint" vc="1" uspid="149" ordinal="0" offset="0" sl="87" sc="21" el="87" ec="22" bec="0" bev="0" fileid="4" />
            </Method>
            <Method visited="true" cyclomaticComplexity="2" sequenceCoverage="100" branchCoverage="66.67" isConstructor="true" isStatic="true" isGetter="false" isSetter="false">
              <Summary numSequencePoints="1" visitedSequencePoints="1" numBranchPoints="3" visitedBranchPoints="2" sequenceCoverage="100" branchCoverage="66.67" maxCyclomaticComplexity="2" minCyclomaticComplexity="2" />
              <MetadataToken>100663317</MetadataToken>
              <Name>System.Void book2read.Utilities.FileSystemService::.cctor()</Name>
              <FileRef uid="4" />
              <SequencePoints>
                <SequencePoint vc="1" uspid="151" ordinal="0" offset="0" sl="22" sc="3" el="23" ec="63" bec="2" bev="1" fileid="4" />
              </SequencePoints>
              <BranchPoints>
                <BranchPoint vc="1" uspid="152" ordinal="0" offset="5" path="0" offsetchain="" offsetend="7" />
                <BranchPoint vc="0" uspid="153" ordinal="1" offset="5" path="1" offsetchain="" offsetend="26" />
              </BranchPoints>
              <MethodPoint xsi:type="SequencePoint" vc="1" uspid="151" ordinal="0" offset="0" sl="22" sc="3" el="23" ec="63" bec="2" bev="1" fileid="4" />
            </Method>
            <Method visited="true" cyclomaticComplexity="1" sequenceCoverage="100" branchCoverage="100" isConstructor="false" isStatic="true" isGetter="false" isSetter="false">
              <Summary numSequencePoints="1" visitedSequencePoints="1" numBranchPoints="1" visitedBranchPoints="1" sequenceCoverage="100" branchCoverage="100" maxCyclomaticComplexity="1" minCyclomaticComplexity="1" />
              <MetadataToken>100663318</MetadataToken>
              <Name>book2read.Utilities.FileSystemService book2read.Utilities.FileSystemService::&lt;.cctor&gt;b__0()</Name>
              <FileRef uid="4" />
              <SequencePoints>
                <SequencePoint vc="1" uspid="154" ordinal="0" offset="0" sl="23" sc="38" el="23" ec="61" bec="0" bev="0" fileid="4" />
              </SequencePoints>
              <BranchPoints />
              <MethodPoint xsi:type="SequencePoint" vc="1" uspid="154" ordinal="0" offset="0" sl="23" sc="38" el="23" ec="61" bec="0" bev="0" fileid="4" />
            </Method>
          </Methods>
        </Class>
        <Class>
          <Summary numSequencePoints="34" visitedSequencePoints="31" numBranchPoints="14" visitedBranchPoints="12" sequenceCoverage="91.18" branchCoverage="85.71" maxCyclomaticComplexity="3" minCyclomaticComplexity="1" />
          <FullName>book2read.Utilities.LoggingService</FullName>
          <Methods>
            <Method visited="true" cyclomaticComplexity="1" sequenceCoverage="100" branchCoverage="100" isConstructor="false" isStatic="true" isGetter="true" isSetter="false">
              <Summary numSequencePoints="3" visitedSequencePoints="3" numBranchPoints="1" visitedBranchPoints="1" sequenceCoverage="100" branchCoverage="100" maxCyclomaticComplexity="1" minCyclomaticComplexity="1" />
              <MetadataToken>100663319</MetadataToken>
              <Name>book2read.Utilities.LoggingService book2read.Utilities.LoggingService::get_Instance()</Name>
              <FileRef uid="5" />
              <SequencePoints>
                <SequencePoint vc="6" uspid="155" ordinal="0" offset="0" sl="32" sc="47" el="32" ec="48" bec="0" bev="0" fileid="5" />
                <SequencePoint vc="6" uspid="156" ordinal="1" offset="1" sl="32" sc="49" el="32" ec="67" bec="0" bev="0" fileid="5" />
                <SequencePoint vc="6" uspid="157" ordinal="2" offset="14" sl="32" sc="68" el="32" ec="69" bec="0" bev="0" fileid="5" />
              </SequencePoints>
              <BranchPoints />
              <MethodPoint xsi:type="SequencePoint" vc="6" uspid="155" ordinal="0" offset="0" sl="32" sc="47" el="32" ec="48" bec="0" bev="0" fileid="5" />
            </Method>
            <Method visited="true" cyclomaticComplexity="1" sequenceCoverage="100" branchCoverage="100" isConstructor="true" isStatic="false" isGetter="false" isSetter="false">
              <Summary numSequencePoints="4" visitedSequencePoints="4" numBranchPoints="1" visitedBranchPoints="1" sequenceCoverage="100" branchCoverage="100" maxCyclomaticComplexity="1" minCyclomaticComplexity="1" />
              <MetadataToken>100663320</MetadataToken>
              <Name>System.Void book2read.Utilities.LoggingService::.ctor()</Name>
              <FileRef uid="5" />
              <SequencePoints>
                <SequencePoint vc="1" uspid="158" ordinal="0" offset="0" sl="34" sc="3" el="34" ec="27" bec="0" bev="0" fileid="5" />
                <SequencePoint vc="1" uspid="159" ordinal="1" offset="7" sl="34" sc="28" el="34" ec="29" bec="0" bev="0" fileid="5" />
                <SequencePoint vc="1" uspid="160" ordinal="2" offset="8" sl="35" sc="4" el="35" ec="30" bec="0" bev="0" fileid="5" />
                <SequencePoint vc="1" uspid="161" ordinal="3" offset="19" sl="36" sc="3" el="36" ec="4" bec="0" bev="0" fileid="5" />
              </SequencePoints>
              <BranchPoints />
              <MethodPoint xsi:type="SequencePoint" vc="1" uspid="158" ordinal="0" offset="0" sl="34" sc="3" el="34" ec="27" bec="0" bev="0" fileid="5" />
            </Method>
            <Method visited="false" cyclomaticComplexity="1" sequenceCoverage="0" branchCoverage="0" isConstructor="false" isStatic="false" isGetter="false" isSetter="false">
              <Summary numSequencePoints="3" visitedSequencePoints="0" numBranchPoints="1" visitedBranchPoints="0" sequenceCoverage="0" branchCoverage="0" maxCyclomaticComplexity="1" minCyclomaticComplexity="1" />
              <MetadataToken>100663321</MetadataToken>
              <Name>System.Void book2read.Utilities.LoggingService::RecordMessage(System.Exception,book2read.Utilities.LoggingService/MessageType)</Name>
              <FileRef uid="5" />
              <SequencePoints>
                <SequencePoint vc="0" uspid="162" ordinal="0" offset="0" sl="43" sc="70" el="43" ec="71" bec="0" bev="0" fileid="5" />
                <SequencePoint vc="0" uspid="163" ordinal="1" offset="1" sl="44" sc="4" el="44" ec="45" bec="0" bev="0" fileid="5" />
                <SequencePoint vc="0" uspid="164" ordinal="2" offset="15" sl="45" sc="3" el="45" ec="4" bec="0" bev="0" fileid="5" />
              </SequencePoints>
              <BranchPoints />
              <MethodPoint xsi:type="SequencePoint" vc="0" uspid="162" ordinal="0" offset="0" sl="43" sc="70" el="43" ec="71" bec="0" bev="0" fileid="5" />
            </Method>
            <Method visited="true" cyclomaticComplexity="1" sequenceCoverage="100" branchCoverage="100" isConstructor="false" isStatic="false" isGetter="false" isSetter="false">
              <Summary numSequencePoints="5" visitedSequencePoints="5" numBranchPoints="1" visitedBranchPoints="1" sequenceCoverage="100" branchCoverage="100" maxCyclomaticComplexity="1" minCyclomaticComplexity="1" />
              <MetadataToken>100663322</MetadataToken>
              <Name>System.Void book2read.Utilities.LoggingService::RecordMessage(System.String,book2read.Utilities.LoggingService/MessageType)</Name>
              <FileRef uid="5" />
              <SequencePoints>
                <SequencePoint vc="5" uspid="165" ordinal="0" offset="0" sl="47" sc="67" el="47" ec="68" bec="0" bev="0" fileid="5" />
                <SequencePoint vc="5" uspid="166" ordinal="1" offset="1" sl="48" sc="4" el="48" ec="33" bec="0" bev="0" fileid="5" />
                <SequencePoint vc="5" uspid="167" ordinal="2" offset="7" sl="49" sc="4" el="49" ec="74" bec="0" bev="0" fileid="5" />
                <SequencePoint vc="5" uspid="168" ordinal="3" offset="46" sl="50" sc="4" el="50" ec="28" bec="0" bev="0" fileid="5" />
                <SequencePoint vc="5" uspid="169" ordinal="4" offset="64" sl="51" sc="3" el="51" ec="4" bec="0" bev="0" fileid="5" />
              </SequencePoints>
              <BranchPoints />
              <MethodPoint xsi:type="SequencePoint" vc="5" uspid="165" ordinal="0" offset="0" sl="47" sc="67" el="47" ec="68" bec="0" bev="0" fileid="5" />
            </Method>
            <Method visited="true" cyclomaticComplexity="1" sequenceCoverage="100" branchCoverage="100" isConstructor="false" isStatic="false" isGetter="false" isSetter="false">
              <Summary numSequencePoints="3" visitedSequencePoints="3" numBranchPoints="1" visitedBranchPoints="1" sequenceCoverage="100" branchCoverage="100" maxCyclomaticComplexity="1" minCyclomaticComplexity="1" />
              <MetadataToken>100663323</MetadataToken>
              <Name>System.String[] book2read.Utilities.LoggingService::GetWholeLog()</Name>
              <FileRef uid="5" />
              <SequencePoints>
                <SequencePoint vc="4" uspid="170" ordinal="0" offset="0" sl="53" sc="33" el="53" ec="34" bec="0" bev="0" fileid="5" />
                <SequencePoint vc="4" uspid="171" ordinal="1" offset="1" sl="54" sc="4" el="54" ec="26" bec="0" bev="0" fileid="5" />
                <SequencePoint vc="4" uspid="172" ordinal="2" offset="15" sl="55" sc="3" el="55" ec="4" bec="0" bev="0" fileid="5" />
              </SequencePoints>
              <BranchPoints />
              <MethodPoint xsi:type="SequencePoint" vc="4" uspid="170" ordinal="0" offset="0" sl="53" sc="33" el="53" ec="34" bec="0" bev="0" fileid="5" />
            </Method>
            <Method visited="true" cyclomaticComplexity="3" sequenceCoverage="100" branchCoverage="100" isConstructor="false" isStatic="false" isGetter="false" isSetter="false">
              <Summary numSequencePoints="14" visitedSequencePoints="14" numBranchPoints="5" visitedBranchPoints="5" sequenceCoverage="100" branchCoverage="100" maxCyclomaticComplexity="3" minCyclomaticComplexity="3" />
              <MetadataToken>100663324</MetadataToken>
              <Name>System.String[] book2read.Utilities.LoggingService::GetLogMessagesBySeverity(book2read.Utilities.LoggingService/MessageType)</Name>
              <FileRef uid="5" />
              <SequencePoints>
                <SequencePoint vc="2" uspid="173" ordinal="0" offset="0" sl="57" sc="66" el="57" ec="67" bec="0" bev="0" fileid="5" />
                <SequencePoint vc="2" uspid="174" ordinal="1" offset="1" sl="58" sc="4" el="58" ec="37" bec="0" bev="0" fileid="5" />
                <SequencePoint vc="2" uspid="175" ordinal="2" offset="7" sl="59" sc="4" el="59" ec="11" bec="0" bev="0" fileid="5" />
                <SequencePoint vc="2" uspid="176" ordinal="3" offset="8" sl="59" sc="31" el="59" ec="35" bec="0" bev="0" fileid="5" />
                <SequencePoint vc="4" uspid="177" ordinal="4" offset="22" sl="59" sc="13" el="59" ec="27" bec="0" bev="0" fileid="5" />
                <SequencePoint vc="4" uspid="178" ordinal="5" offset="30" sl="59" sc="37" el="59" ec="38" bec="0" bev="0" fileid="5" />
                <SequencePoint vc="4" uspid="179" ordinal="6" offset="31" sl="60" sc="5" el="60" ec="92" bec="2" bev="2" fileid="5" />
                <SequencePoint vc="2" uspid="180" ordinal="7" offset="63" sl="60" sc="93" el="60" ec="94" bec="0" bev="0" fileid="5" />
                <SequencePoint vc="2" uspid="181" ordinal="8" offset="64" sl="61" sc="6" el="61" ec="27" bec="0" bev="0" fileid="5" />
                <SequencePoint vc="2" uspid="182" ordinal="9" offset="72" sl="62" sc="5" el="62" ec="6" bec="0" bev="0" fileid="5" />
                <SequencePoint vc="4" uspid="183" ordinal="10" offset="73" sl="63" sc="4" el="63" ec="5" bec="0" bev="0" fileid="5" />
                <SequencePoint vc="6" uspid="184" ordinal="11" offset="74" sl="59" sc="28" el="59" ec="30" bec="2" bev="2" fileid="5" />
                <SequencePoint vc="2" uspid="185" ordinal="12" offset="105" sl="64" sc="4" el="64" ec="29" bec="0" bev="0" fileid="5" />
                <SequencePoint vc="2" uspid="186" ordinal="13" offset="114" sl="65" sc="3" el="65" ec="4" bec="0" bev="0" fileid="5" />
              </SequencePoints>
              <BranchPoints>
                <BranchPoint vc="2" uspid="187" ordinal="0" offset="61" path="0" offsetchain="" offsetend="63" />
                <BranchPoint vc="2" uspid="188" ordinal="1" offset="61" path="1" offsetchain="" offsetend="73" />
                <BranchPoint vc="2" uspid="189" ordinal="2" offset="85" path="0" offsetchain="" offsetend="87" />
                <BranchPoint vc="4" uspid="190" ordinal="3" offset="85" path="1" offsetchain="" offsetend="22" />
              </BranchPoints>
              <MethodPoint xsi:type="SequencePoint" vc="2" uspid="173" ordinal="0" offset="0" sl="57" sc="66" el="57" ec="67" bec="0" bev="0" fileid="5" />
            </Method>
            <Method visited="true" cyclomaticComplexity="2" sequenceCoverage="100" branchCoverage="66.67" isConstructor="true" isStatic="true" isGetter="false" isSetter="false">
              <Summary numSequencePoints="1" visitedSequencePoints="1" numBranchPoints="3" visitedBranchPoints="2" sequenceCoverage="100" branchCoverage="66.67" maxCyclomaticComplexity="2" minCyclomaticComplexity="2" />
              <MetadataToken>100663325</MetadataToken>
              <Name>System.Void book2read.Utilities.LoggingService::.cctor()</Name>
              <FileRef uid="5" />
              <SequencePoints>
                <SequencePoint vc="1" uspid="191" ordinal="0" offset="0" sl="29" sc="3" el="30" ec="57" bec="2" bev="1" fileid="5" />
              </SequencePoints>
              <BranchPoints>
                <BranchPoint vc="1" uspid="192" ordinal="0" offset="5" path="0" offsetchain="" offsetend="7" />
                <BranchPoint vc="0" uspid="193" ordinal="1" offset="5" path="1" offsetchain="" offsetend="26" />
              </BranchPoints>
              <MethodPoint xsi:type="SequencePoint" vc="1" uspid="191" ordinal="0" offset="0" sl="29" sc="3" el="30" ec="57" bec="2" bev="1" fileid="5" />
            </Method>
            <Method visited="true" cyclomaticComplexity="1" sequenceCoverage="100" branchCoverage="100" isConstructor="false" isStatic="true" isGetter="false" isSetter="false">
              <Summary numSequencePoints="1" visitedSequencePoints="1" numBranchPoints="1" visitedBranchPoints="1" sequenceCoverage="100" branchCoverage="100" maxCyclomaticComplexity="1" minCyclomaticComplexity="1" />
              <MetadataToken>100663326</MetadataToken>
              <Name>book2read.Utilities.LoggingService book2read.Utilities.LoggingService::&lt;.cctor&gt;b__0()</Name>
              <FileRef uid="5" />
              <SequencePoints>
                <SequencePoint vc="1" uspid="194" ordinal="0" offset="0" sl="30" sc="35" el="30" ec="55" bec="0" bev="0" fileid="5" />
              </SequencePoints>
              <BranchPoints />
              <MethodPoint xsi:type="SequencePoint" vc="1" uspid="194" ordinal="0" offset="0" sl="30" sc="35" el="30" ec="55" bec="0" bev="0" fileid="5" />
            </Method>
          </Methods>
        </Class>
      </Classes>
    </Module>
    <Module skippedDueTo="MissingPdb" hash="42-83-FE-A6-9F-01-8E-2C-E8-41-E9-25-3E-1E-0D-99-81-76-6B-C9">
      <FullName>C:\Users\Terekhov-EV\AppData\Local\Temp\nunit20\ShadowCopyCache\6024_635605635821545307\Tests_28815771\assembly\dl3\3d5d645d\005c073d_38bfcf01\nunit.framework.dll</FullName>
      <ModuleName>nunit.framework</ModuleName>
      <Classes />
    </Module>
  </Modules>
</CoverageSession>